<?xml version="1.0" encoding="UTF-8"?>
<coverage generated="1779070211127" clover="3.2.0">
  <project timestamp="1779070211127" name="All files">
    <metrics statements="126" coveredstatements="126" conditionals="55" coveredconditionals="55" methods="14" coveredmethods="14" elements="195" coveredelements="195" complexity="0" loc="126" ncloc="126" packages="1" files="5" classes="5"/>
    <file name="kiemTraQuanTri.ts" path="D:\Freelancer\RedBus\frontend\src\tienIch\kiemTraQuanTri.ts">
      <metrics statements="12" coveredstatements="12" conditionals="4" coveredconditionals="4" methods="4" coveredmethods="4"/>
      <line num="1" count="1" type="cond" truecount="1" falsecount="0"/>
      <line num="2" count="3003" type="stmt"/>
      <line num="3" count="3003" type="stmt"/>
      <line num="5" count="1" type="cond" truecount="1" falsecount="0"/>
      <line num="6" count="1001" type="stmt"/>
      <line num="7" count="1001" type="stmt"/>
      <line num="9" count="1" type="cond" truecount="1" falsecount="0"/>
      <line num="10" count="1" type="stmt"/>
      <line num="11" count="1" type="stmt"/>
      <line num="13" count="1" type="cond" truecount="1" falsecount="0"/>
      <line num="14" count="1" type="stmt"/>
      <line num="15" count="1" type="stmt"/>
    </file>
    <file name="loTrinhTuyen.ts" path="D:\Freelancer\RedBus\frontend\src\tienIch\loTrinhTuyen.ts">
      <metrics statements="35" coveredstatements="35" conditionals="12" coveredconditionals="12" methods="4" coveredmethods="4"/>
      <line num="1" count="1" type="stmt"/>
      <line num="4" count="1" type="cond" truecount="1" falsecount="0"/>
      <line num="5" count="1005" type="cond" truecount="3" falsecount="0"/>
      <line num="6" count="1005" type="stmt"/>
      <line num="8" count="1" type="cond" truecount="1" falsecount="0"/>
      <line num="9" count="1002" type="stmt"/>
      <line num="10" count="1002" type="stmt"/>
      <line num="11" count="1002" type="stmt"/>
      <line num="12" count="1002" type="cond" truecount="1" falsecount="0"/>
      <line num="13" count="1002" type="stmt"/>
      <line num="14" count="1002" type="stmt"/>
      <line num="16" count="1" type="cond" truecount="1" falsecount="0"/>
      <line num="17" count="1" type="stmt"/>
      <line num="18" count="1" type="stmt"/>
      <line num="19" count="1" type="stmt"/>
      <line num="20" count="1" type="stmt"/>
      <line num="21" count="1" type="stmt"/>
      <line num="23" count="3" type="cond" truecount="1" falsecount="0"/>
      <line num="24" count="3" type="stmt"/>
      <line num="25" count="3" type="stmt"/>
      <line num="26" count="3" type="cond" truecount="2" falsecount="0"/>
      <line num="27" count="2" type="stmt"/>
      <line num="28" count="2" type="cond" truecount="1" falsecount="0"/>
      <line num="29" count="2" type="stmt"/>
      <line num="30" count="2" type="stmt"/>
      <line num="31" count="2" type="stmt"/>
      <line num="32" count="2" type="cond" truecount="1" falsecount="0"/>
      <line num="33" count="1" type="stmt"/>
      <line num="34" count="1" type="stmt"/>
      <line num="35" count="1" type="stmt"/>
      <line num="36" count="1" type="stmt"/>
      <line num="37" count="2" type="stmt"/>
      <line num="38" count="2" type="stmt"/>
      <line num="39" count="2" type="stmt"/>
      <line num="40" count="2" type="stmt"/>
    </file>
    <file name="rutGonDiaDanh.ts" path="D:\Freelancer\RedBus\frontend\src\tienIch\rutGonDiaDanh.ts">
      <metrics statements="8" coveredstatements="8" conditionals="7" coveredconditionals="7" methods="1" coveredmethods="1"/>
      <line num="1" count="1" type="cond" truecount="1" falsecount="0"/>
      <line num="2" count="1004" type="stmt"/>
      <line num="3" count="1004" type="cond" truecount="2" falsecount="0"/>
      <line num="4" count="1004" type="cond" truecount="2" falsecount="0"/>
      <line num="5" count="483" type="stmt"/>
      <line num="6" count="1004" type="cond" truecount="2" falsecount="0"/>
      <line num="7" count="482" type="stmt"/>
      <line num="8" count="482" type="stmt"/>
    </file>
    <file name="soDoGhe.ts" path="D:\Freelancer\RedBus\frontend\src\tienIch\soDoGhe.ts">
      <metrics statements="57" coveredstatements="57" conditionals="27" coveredconditionals="27" methods="4" coveredmethods="4"/>
      <line num="6" count="12" type="cond" truecount="1" falsecount="0"/>
      <line num="7" count="12" type="stmt"/>
      <line num="8" count="12" type="cond" truecount="2" falsecount="0"/>
      <line num="9" count="12" type="stmt"/>
      <line num="12" count="1" type="cond" truecount="1" falsecount="0"/>
      <line num="13" count="1005" type="cond" truecount="2" falsecount="0"/>
      <line num="14" count="921" type="stmt"/>
      <line num="15" count="921" type="stmt"/>
      <line num="17" count="1" type="cond" truecount="1" falsecount="0"/>
      <line num="22" count="4" type="stmt"/>
      <line num="23" count="4" type="cond" truecount="1" falsecount="0"/>
      <line num="24" count="1" type="stmt"/>
      <line num="25" count="1" type="cond" truecount="1" falsecount="0"/>
      <line num="27" count="3" type="cond" truecount="2" falsecount="0"/>
      <line num="29" count="4" type="cond" truecount="1" falsecount="0"/>
      <line num="30" count="1" type="cond" truecount="1" falsecount="0"/>
      <line num="31" count="1" type="stmt"/>
      <line num="32" count="1" type="stmt"/>
      <line num="33" count="1" type="stmt"/>
      <line num="34" count="1" type="cond" truecount="1" falsecount="0"/>
      <line num="35" count="2" type="stmt"/>
      <line num="36" count="2" type="cond" truecount="2" falsecount="0"/>
      <line num="37" count="2" type="stmt"/>
      <line num="38" count="2" type="stmt"/>
      <line num="39" count="2" type="stmt"/>
      <line num="40" count="1" type="stmt"/>
      <line num="41" count="1" type="stmt"/>
      <line num="42" count="1" type="stmt"/>
      <line num="43" count="1" type="stmt"/>
      <line num="44" count="1" type="stmt"/>
      <line num="45" count="1" type="stmt"/>
      <line num="46" count="1" type="stmt"/>
      <line num="47" count="1" type="cond" truecount="1" falsecount="0"/>
      <line num="49" count="2" type="cond" truecount="1" falsecount="0"/>
      <line num="50" count="2" type="cond" truecount="1" falsecount="0"/>
      <line num="51" count="2" type="stmt"/>
      <line num="53" count="2" type="stmt"/>
      <line num="54" count="2" type="stmt"/>
      <line num="55" count="2" type="stmt"/>
      <line num="56" count="2" type="cond" truecount="1" falsecount="0"/>
      <line num="57" count="4" type="cond" truecount="2" falsecount="0"/>
      <line num="58" count="4" type="stmt"/>
      <line num="59" count="4" type="stmt"/>
      <line num="60" count="4" type="stmt"/>
      <line num="62" count="2" type="stmt"/>
      <line num="63" count="2" type="stmt"/>
      <line num="65" count="1" type="cond" truecount="1" falsecount="0"/>
      <line num="66" count="2" type="stmt"/>
      <line num="67" count="2" type="cond" truecount="1" falsecount="0"/>
      <line num="68" count="3" type="cond" truecount="1" falsecount="0"/>
      <line num="69" count="3" type="stmt"/>
      <line num="70" count="3" type="stmt"/>
      <line num="71" count="3" type="stmt"/>
      <line num="72" count="2" type="stmt"/>
      <line num="73" count="2" type="cond" truecount="1" falsecount="0"/>
      <line num="74" count="2" type="cond" truecount="1" falsecount="0"/>
      <line num="75" count="2" type="stmt"/>
    </file>
    <file name="trangThai.ts" path="D:\Freelancer\RedBus\frontend\src\tienIch\trangThai.ts">
      <metrics statements="14" coveredstatements="14" conditionals="5" coveredconditionals="5" methods="1" coveredmethods="1"/>
      <line num="1" count="1" type="stmt"/>
      <line num="2" count="1" type="stmt"/>
      <line num="3" count="1" type="stmt"/>
      <line num="4" count="1" type="stmt"/>
      <line num="5" count="1" type="stmt"/>
      <line num="6" count="1" type="stmt"/>
      <line num="7" count="1" type="stmt"/>
      <line num="8" count="1" type="stmt"/>
      <line num="9" count="1" type="stmt"/>
      <line num="11" count="1" type="cond" truecount="1" falsecount="0"/>
      <line num="12" count="1005" type="cond" truecount="3" falsecount="0"/>
      <line num="13" count="1003" type="stmt"/>
      <line num="14" count="1005" type="cond" truecount="1" falsecount="0"/>
      <line num="15" count="1005" type="stmt"/>
    </file>
  </project>
</coverage>
