{"D:\\Freelancer\\RedBus\\frontend\\src\\tienIch\\kiemTraQuanTri.ts": {"path":"D:\\Freelancer\\RedBus\\frontend\\src\\tienIch\\kiemTraQuanTri.ts","all":false,"statementMap":{"0":{"start":{"line":1,"column":0},"end":{"line":1,"column":42}},"1":{"start":{"line":2,"column":0},"end":{"line":2,"column":38}},"2":{"start":{"line":3,"column":0},"end":{"line":3,"column":1}},"4":{"start":{"line":5,"column":0},"end":{"line":5,"column":59}},"5":{"start":{"line":6,"column":0},"end":{"line":6,"column":74}},"6":{"start":{"line":7,"column":0},"end":{"line":7,"column":1}},"8":{"start":{"line":9,"column":0},"end":{"line":9,"column":43}},"9":{"start":{"line":10,"column":0},"end":{"line":10,"column":51}},"10":{"start":{"line":11,"column":0},"end":{"line":11,"column":1}},"12":{"start":{"line":13,"column":0},"end":{"line":13,"column":43}},"13":{"start":{"line":14,"column":0},"end":{"line":14,"column":51}},"14":{"start":{"line":15,"column":0},"end":{"line":15,"column":1}}},"s":{"0":1,"1":3003,"2":3003,"4":1,"5":1001,"6":1001,"8":1,"9":1,"10":1,"12":1,"13":1,"14":1},"branchMap":{"0":{"type":"branch","line":1,"loc":{"start":{"line":1,"column":7},"end":{"line":3,"column":1}},"locations":[{"start":{"line":1,"column":7},"end":{"line":3,"column":1}}]},"1":{"type":"branch","line":5,"loc":{"start":{"line":5,"column":7},"end":{"line":7,"column":1}},"locations":[{"start":{"line":5,"column":7},"end":{"line":7,"column":1}}]},"2":{"type":"branch","line":9,"loc":{"start":{"line":9,"column":7},"end":{"line":11,"column":1}},"locations":[{"start":{"line":9,"column":7},"end":{"line":11,"column":1}}]},"3":{"type":"branch","line":13,"loc":{"start":{"line":13,"column":7},"end":{"line":15,"column":1}},"locations":[{"start":{"line":13,"column":7},"end":{"line":15,"column":1}}]}},"b":{"0":[3003],"1":[1001],"2":[1],"3":[1]},"fnMap":{"0":{"name":"chuanHoaChuoi","decl":{"start":{"line":1,"column":7},"end":{"line":3,"column":1}},"loc":{"start":{"line":1,"column":7},"end":{"line":3,"column":1}},"line":1},"1":{"name":"soSanhKhongPhanBiet","decl":{"start":{"line":5,"column":7},"end":{"line":7,"column":1}},"loc":{"start":{"line":5,"column":7},"end":{"line":7,"column":1}},"line":5},"2":{"name":"chuanHoaBienSo","decl":{"start":{"line":9,"column":7},"end":{"line":11,"column":1}},"loc":{"start":{"line":9,"column":7},"end":{"line":11,"column":1}},"line":9},"3":{"name":"chuanHoaMaCode","decl":{"start":{"line":13,"column":7},"end":{"line":15,"column":1}},"loc":{"start":{"line":13,"column":7},"end":{"line":15,"column":1}},"line":13}},"f":{"0":3003,"1":1001,"2":1,"3":1}}
,"D:\\Freelancer\\RedBus\\frontend\\src\\tienIch\\loTrinhTuyen.ts": {"path":"D:\\Freelancer\\RedBus\\frontend\\src\\tienIch\\loTrinhTuyen.ts","all":false,"statementMap":{"0":{"start":{"line":1,"column":0},"end":{"line":1,"column":60}},"3":{"start":{"line":4,"column":0},"end":{"line":4,"column":68}},"4":{"start":{"line":5,"column":0},"end":{"line":5,"column":64}},"5":{"start":{"line":6,"column":0},"end":{"line":6,"column":1}},"7":{"start":{"line":8,"column":0},"end":{"line":8,"column":35}},"8":{"start":{"line":9,"column":0},"end":{"line":9,"column":48}},"9":{"start":{"line":10,"column":0},"end":{"line":10,"column":27}},"10":{"start":{"line":11,"column":0},"end":{"line":11,"column":13}},"11":{"start":{"line":12,"column":0},"end":{"line":12,"column":61}},"12":{"start":{"line":13,"column":0},"end":{"line":13,"column":47}},"13":{"start":{"line":14,"column":0},"end":{"line":14,"column":1}},"15":{"start":{"line":16,"column":0},"end":{"line":16,"column":29}},"16":{"start":{"line":17,"column":0},"end":{"line":17,"column":48}},"17":{"start":{"line":18,"column":0},"end":{"line":18,"column":32}},"18":{"start":{"line":19,"column":0},"end":{"line":19,"column":11}},"19":{"start":{"line":20,"column":0},"end":{"line":20,"column":56}},"20":{"start":{"line":21,"column":0},"end":{"line":21,"column":1}},"22":{"start":{"line":23,"column":0},"end":{"line":23,"column":43}},"23":{"start":{"line":24,"column":0},"end":{"line":24,"column":24}},"24":{"start":{"line":25,"column":0},"end":{"line":25,"column":44}},"25":{"start":{"line":26,"column":0},"end":{"line":26,"column":37}},"26":{"start":{"line":27,"column":0},"end":{"line":27,"column":34}},"27":{"start":{"line":28,"column":0},"end":{"line":28,"column":30}},"28":{"start":{"line":29,"column":0},"end":{"line":29,"column":11}},"29":{"start":{"line":30,"column":0},"end":{"line":30,"column":37}},"30":{"start":{"line":31,"column":0},"end":{"line":31,"column":77}},"31":{"start":{"line":32,"column":0},"end":{"line":32,"column":9}},"32":{"start":{"line":33,"column":0},"end":{"line":33,"column":33}},"33":{"start":{"line":34,"column":0},"end":{"line":34,"column":15}},"34":{"start":{"line":35,"column":0},"end":{"line":35,"column":34}},"35":{"start":{"line":36,"column":0},"end":{"line":36,"column":7}},"36":{"start":{"line":37,"column":0},"end":{"line":37,"column":7}},"37":{"start":{"line":38,"column":0},"end":{"line":38,"column":3}},"38":{"start":{"line":39,"column":0},"end":{"line":39,"column":34}},"39":{"start":{"line":40,"column":0},"end":{"line":40,"column":1}}},"s":{"0":1,"3":1,"4":1005,"5":1005,"7":1,"8":1002,"9":1002,"10":1002,"11":1002,"12":1002,"13":1002,"15":1,"16":1,"17":1,"18":1,"19":1,"20":1,"22":3,"23":3,"24":3,"25":3,"26":2,"27":2,"28":2,"29":2,"30":2,"31":2,"32":1,"33":1,"34":1,"35":1,"36":2,"37":2,"38":2,"39":2},"branchMap":{"0":{"type":"branch","line":4,"loc":{"start":{"line":4,"column":7},"end":{"line":6,"column":1}},"locations":[{"start":{"line":4,"column":7},"end":{"line":6,"column":1}}]},"1":{"type":"branch","line":5,"loc":{"start":{"line":5,"column":22},"end":{"line":5,"column":63}},"locations":[{"start":{"line":5,"column":22},"end":{"line":5,"column":63}}]},"2":{"type":"branch","line":5,"loc":{"start":{"line":5,"column":35},"end":{"line":5,"column":50}},"locations":[{"start":{"line":5,"column":35},"end":{"line":5,"column":50}}]},"3":{"type":"branch","line":5,"loc":{"start":{"line":5,"column":52},"end":{"line":5,"column":63}},"locations":[{"start":{"line":5,"column":52},"end":{"line":5,"column":63}}]},"4":{"type":"branch","line":8,"loc":{"start":{"line":8,"column":7},"end":{"line":14,"column":1}},"locations":[{"start":{"line":8,"column":7},"end":{"line":14,"column":1}}]},"5":{"type":"branch","line":12,"loc":{"start":{"line":12,"column":44},"end":{"line":12,"column":60}},"locations":[{"start":{"line":12,"column":44},"end":{"line":12,"column":60}}]},"6":{"type":"branch","line":16,"loc":{"start":{"line":16,"column":7},"end":{"line":21,"column":1}},"locations":[{"start":{"line":16,"column":7},"end":{"line":21,"column":1}}]},"7":{"type":"branch","line":23,"loc":{"start":{"line":23,"column":0},"end":{"line":40,"column":1}},"locations":[{"start":{"line":23,"column":0},"end":{"line":40,"column":1}}]},"8":{"type":"branch","line":26,"loc":{"start":{"line":26,"column":28},"end":{"line":26,"column":37}},"locations":[{"start":{"line":26,"column":28},"end":{"line":26,"column":37}}]},"9":{"type":"branch","line":26,"loc":{"start":{"line":26,"column":36},"end":{"line":40,"column":1}},"locations":[{"start":{"line":26,"column":36},"end":{"line":40,"column":1}}]},"10":{"type":"branch","line":28,"loc":{"start":{"line":28,"column":16},"end":{"line":37,"column":5}},"locations":[{"start":{"line":28,"column":16},"end":{"line":37,"column":5}}]},"11":{"type":"branch","line":32,"loc":{"start":{"line":32,"column":8},"end":{"line":36,"column":7}},"locations":[{"start":{"line":32,"column":8},"end":{"line":36,"column":7}}]}},"b":{"0":[1005],"1":[1203],"2":[2],"3":[1],"4":[1002],"5":[2001],"6":[1],"7":[3],"8":[1],"9":[2],"10":[2],"11":[1]},"fnMap":{"0":{"name":"sapXepDiemDung","decl":{"start":{"line":4,"column":7},"end":{"line":6,"column":1}},"loc":{"start":{"line":4,"column":7},"end":{"line":6,"column":1}},"line":4},"1":{"name":"taoDanhSachLoTrinh","decl":{"start":{"line":8,"column":7},"end":{"line":14,"column":1}},"loc":{"start":{"line":8,"column":7},"end":{"line":14,"column":1}},"line":8},"2":{"name":"chuoiLoTrinh","decl":{"start":{"line":16,"column":7},"end":{"line":21,"column":1}},"loc":{"start":{"line":16,"column":7},"end":{"line":21,"column":1}},"line":16},"3":{"name":"taiDiemDungTheoTuyen","decl":{"start":{"line":23,"column":0},"end":{"line":40,"column":1}},"loc":{"start":{"line":23,"column":0},"end":{"line":40,"column":1}},"line":23}},"f":{"0":1005,"1":1002,"2":1,"3":3}}
,"D:\\Freelancer\\RedBus\\frontend\\src\\tienIch\\rutGonDiaDanh.ts": {"path":"D:\\Freelancer\\RedBus\\frontend\\src\\tienIch\\rutGonDiaDanh.ts","all":false,"statementMap":{"0":{"start":{"line":1,"column":0},"end":{"line":1,"column":65}},"1":{"start":{"line":2,"column":0},"end":{"line":2,"column":22}},"2":{"start":{"line":3,"column":0},"end":{"line":3,"column":20}},"3":{"start":{"line":4,"column":0},"end":{"line":4,"column":31}},"4":{"start":{"line":5,"column":0},"end":{"line":5,"column":42}},"5":{"start":{"line":6,"column":0},"end":{"line":6,"column":71}},"6":{"start":{"line":7,"column":0},"end":{"line":7,"column":34}},"7":{"start":{"line":8,"column":0},"end":{"line":8,"column":1}}},"s":{"0":1,"1":1004,"2":1004,"3":1004,"4":483,"5":1004,"6":482,"7":482},"branchMap":{"0":{"type":"branch","line":1,"loc":{"start":{"line":1,"column":7},"end":{"line":8,"column":1}},"locations":[{"start":{"line":1,"column":7},"end":{"line":8,"column":1}}]},"1":{"type":"branch","line":3,"loc":{"start":{"line":3,"column":10},"end":{"line":3,"column":20}},"locations":[{"start":{"line":3,"column":10},"end":{"line":3,"column":20}}]},"2":{"type":"branch","line":3,"loc":{"start":{"line":3,"column":17},"end":{"line":4,"column":30}},"locations":[{"start":{"line":3,"column":17},"end":{"line":4,"column":30}}]},"3":{"type":"branch","line":4,"loc":{"start":{"line":4,"column":23},"end":{"line":4,"column":31}},"locations":[{"start":{"line":4,"column":23},"end":{"line":4,"column":31}}]},"4":{"type":"branch","line":4,"loc":{"start":{"line":4,"column":30},"end":{"line":6,"column":55}},"locations":[{"start":{"line":4,"column":30},"end":{"line":6,"column":55}}]},"5":{"type":"branch","line":6,"loc":{"start":{"line":6,"column":55},"end":{"line":6,"column":71}},"locations":[{"start":{"line":6,"column":55},"end":{"line":6,"column":71}}]},"6":{"type":"branch","line":6,"loc":{"start":{"line":6,"column":62},"end":{"line":8,"column":1}},"locations":[{"start":{"line":6,"column":62},"end":{"line":8,"column":1}}]}},"b":{"0":[1004],"1":[1],"2":[1003],"3":[520],"4":[483],"5":[1],"6":[482]},"fnMap":{"0":{"name":"rutGonTenDiaDanh","decl":{"start":{"line":1,"column":7},"end":{"line":8,"column":1}},"loc":{"start":{"line":1,"column":7},"end":{"line":8,"column":1}},"line":1}},"f":{"0":1004}}
,"D:\\Freelancer\\RedBus\\frontend\\src\\tienIch\\soDoGhe.ts": {"path":"D:\\Freelancer\\RedBus\\frontend\\src\\tienIch\\soDoGhe.ts","all":false,"statementMap":{"5":{"start":{"line":6,"column":0},"end":{"line":6,"column":38}},"6":{"start":{"line":7,"column":0},"end":{"line":7,"column":27}},"7":{"start":{"line":8,"column":0},"end":{"line":8,"column":35}},"8":{"start":{"line":9,"column":0},"end":{"line":9,"column":1}},"11":{"start":{"line":12,"column":0},"end":{"line":12,"column":54}},"12":{"start":{"line":13,"column":0},"end":{"line":13,"column":27}},"13":{"start":{"line":14,"column":0},"end":{"line":14,"column":31}},"14":{"start":{"line":15,"column":0},"end":{"line":15,"column":1}},"16":{"start":{"line":17,"column":0},"end":{"line":17,"column":48}},"21":{"start":{"line":22,"column":0},"end":{"line":22,"column":3}},"22":{"start":{"line":23,"column":0},"end":{"line":23,"column":19}},"23":{"start":{"line":24,"column":0},"end":{"line":24,"column":61}},"24":{"start":{"line":25,"column":0},"end":{"line":25,"column":3}},"26":{"start":{"line":27,"column":0},"end":{"line":27,"column":68}},"28":{"start":{"line":29,"column":0},"end":{"line":29,"column":19}},"29":{"start":{"line":30,"column":0},"end":{"line":30,"column":62}},"30":{"start":{"line":31,"column":0},"end":{"line":31,"column":60}},"31":{"start":{"line":32,"column":0},"end":{"line":32,"column":31}},"32":{"start":{"line":33,"column":0},"end":{"line":33,"column":13}},"33":{"start":{"line":34,"column":0},"end":{"line":34,"column":27}},"34":{"start":{"line":35,"column":0},"end":{"line":35,"column":41}},"35":{"start":{"line":36,"column":0},"end":{"line":36,"column":71}},"36":{"start":{"line":37,"column":0},"end":{"line":37,"column":47}},"37":{"start":{"line":38,"column":0},"end":{"line":38,"column":24}},"38":{"start":{"line":39,"column":0},"end":{"line":39,"column":5}},"39":{"start":{"line":40,"column":0},"end":{"line":40,"column":22}},"40":{"start":{"line":41,"column":0},"end":{"line":41,"column":12}},"41":{"start":{"line":42,"column":0},"end":{"line":42,"column":30}},"42":{"start":{"line":43,"column":0},"end":{"line":43,"column":13}},"43":{"start":{"line":44,"column":0},"end":{"line":44,"column":36}},"44":{"start":{"line":45,"column":0},"end":{"line":45,"column":14}},"45":{"start":{"line":46,"column":0},"end":{"line":46,"column":5}},"46":{"start":{"line":47,"column":0},"end":{"line":47,"column":3}},"48":{"start":{"line":49,"column":0},"end":{"line":49,"column":53}},"49":{"start":{"line":50,"column":0},"end":{"line":50,"column":51}},"50":{"start":{"line":51,"column":0},"end":{"line":51,"column":38}},"52":{"start":{"line":53,"column":0},"end":{"line":53,"column":29}},"53":{"start":{"line":54,"column":0},"end":{"line":54,"column":38}},"54":{"start":{"line":55,"column":0},"end":{"line":55,"column":39}},"55":{"start":{"line":56,"column":0},"end":{"line":56,"column":39}},"56":{"start":{"line":57,"column":0},"end":{"line":57,"column":68}},"57":{"start":{"line":58,"column":0},"end":{"line":58,"column":5}},"58":{"start":{"line":59,"column":0},"end":{"line":59,"column":22}},"59":{"start":{"line":60,"column":0},"end":{"line":60,"column":3}},"61":{"start":{"line":62,"column":0},"end":{"line":62,"column":46}},"62":{"start":{"line":63,"column":0},"end":{"line":63,"column":1}},"64":{"start":{"line":65,"column":0},"end":{"line":65,"column":81}},"65":{"start":{"line":66,"column":0},"end":{"line":66,"column":40}},"66":{"start":{"line":67,"column":0},"end":{"line":67,"column":23}},"67":{"start":{"line":68,"column":0},"end":{"line":68,"column":25}},"68":{"start":{"line":69,"column":0},"end":{"line":69,"column":31}},"69":{"start":{"line":70,"column":0},"end":{"line":70,"column":21}},"70":{"start":{"line":71,"column":0},"end":{"line":71,"column":3}},"71":{"start":{"line":72,"column":0},"end":{"line":72,"column":25}},"72":{"start":{"line":73,"column":0},"end":{"line":73,"column":32}},"73":{"start":{"line":74,"column":0},"end":{"line":74,"column":42}},"74":{"start":{"line":75,"column":0},"end":{"line":75,"column":1}}},"s":{"5":12,"6":12,"7":12,"8":12,"11":1,"12":1005,"13":921,"14":921,"16":1,"21":4,"22":4,"23":1,"24":1,"26":3,"28":4,"29":1,"30":1,"31":1,"32":1,"33":1,"34":2,"35":2,"36":2,"37":2,"38":2,"39":1,"40":1,"41":1,"42":1,"43":1,"44":1,"45":1,"46":1,"48":2,"49":2,"50":2,"52":2,"53":2,"54":2,"55":2,"56":4,"57":4,"58":4,"59":4,"61":2,"62":2,"64":1,"65":2,"66":2,"67":3,"68":3,"69":3,"70":3,"71":2,"72":2,"73":2,"74":2},"branchMap":{"0":{"type":"branch","line":6,"loc":{"start":{"line":6,"column":0},"end":{"line":9,"column":1}},"locations":[{"start":{"line":6,"column":0},"end":{"line":9,"column":1}}]},"1":{"type":"branch","line":8,"loc":{"start":{"line":8,"column":26},"end":{"line":8,"column":34}},"locations":[{"start":{"line":8,"column":26},"end":{"line":8,"column":34}}]},"2":{"type":"branch","line":8,"loc":{"start":{"line":8,"column":30},"end":{"line":8,"column":35}},"locations":[{"start":{"line":8,"column":30},"end":{"line":8,"column":35}}]},"3":{"type":"branch","line":12,"loc":{"start":{"line":12,"column":7},"end":{"line":15,"column":1}},"locations":[{"start":{"line":12,"column":7},"end":{"line":15,"column":1}}]},"4":{"type":"branch","line":13,"loc":{"start":{"line":13,"column":19},"end":{"line":13,"column":27}},"locations":[{"start":{"line":13,"column":19},"end":{"line":13,"column":27}}]},"5":{"type":"branch","line":13,"loc":{"start":{"line":13,"column":26},"end":{"line":15,"column":1}},"locations":[{"start":{"line":13,"column":26},"end":{"line":15,"column":1}}]},"6":{"type":"branch","line":17,"loc":{"start":{"line":17,"column":7},"end":{"line":63,"column":1}},"locations":[{"start":{"line":17,"column":7},"end":{"line":63,"column":1}}]},"7":{"type":"branch","line":23,"loc":{"start":{"line":23,"column":18},"end":{"line":25,"column":3}},"locations":[{"start":{"line":23,"column":18},"end":{"line":25,"column":3}}]},"8":{"type":"branch","line":25,"loc":{"start":{"line":25,"column":2},"end":{"line":29,"column":18}},"locations":[{"start":{"line":25,"column":2},"end":{"line":29,"column":18}}]},"9":{"type":"branch","line":29,"loc":{"start":{"line":29,"column":18},"end":{"line":47,"column":3}},"locations":[{"start":{"line":29,"column":18},"end":{"line":47,"column":3}}]},"10":{"type":"branch","line":34,"loc":{"start":{"line":34,"column":26},"end":{"line":39,"column":5}},"locations":[{"start":{"line":34,"column":26},"end":{"line":39,"column":5}}]},"11":{"type":"branch","line":36,"loc":{"start":{"line":36,"column":26},"end":{"line":36,"column":48}},"locations":[{"start":{"line":36,"column":26},"end":{"line":36,"column":48}}]},"12":{"type":"branch","line":36,"loc":{"start":{"line":36,"column":53},"end":{"line":36,"column":71}},"locations":[{"start":{"line":36,"column":53},"end":{"line":36,"column":71}}]},"13":{"type":"branch","line":47,"loc":{"start":{"line":47,"column":2},"end":{"line":63,"column":1}},"locations":[{"start":{"line":47,"column":2},"end":{"line":63,"column":1}}]},"14":{"type":"branch","line":56,"loc":{"start":{"line":56,"column":38},"end":{"line":60,"column":3}},"locations":[{"start":{"line":56,"column":38},"end":{"line":60,"column":3}}]},"15":{"type":"branch","line":57,"loc":{"start":{"line":57,"column":58},"end":{"line":57,"column":67}},"locations":[{"start":{"line":57,"column":58},"end":{"line":57,"column":67}}]},"16":{"type":"branch","line":27,"loc":{"start":{"line":27,"column":29},"end":{"line":27,"column":67}},"locations":[{"start":{"line":27,"column":29},"end":{"line":27,"column":67}}]},"17":{"type":"branch","line":27,"loc":{"start":{"line":27,"column":46},"end":{"line":27,"column":67}},"locations":[{"start":{"line":27,"column":46},"end":{"line":27,"column":67}}]},"18":{"type":"branch","line":30,"loc":{"start":{"line":30,"column":28},"end":{"line":30,"column":61}},"locations":[{"start":{"line":30,"column":28},"end":{"line":30,"column":61}}]},"19":{"type":"branch","line":49,"loc":{"start":{"line":49,"column":37},"end":{"line":49,"column":51}},"locations":[{"start":{"line":49,"column":37},"end":{"line":49,"column":51}}]},"20":{"type":"branch","line":50,"loc":{"start":{"line":50,"column":36},"end":{"line":50,"column":49}},"locations":[{"start":{"line":50,"column":36},"end":{"line":50,"column":49}}]},"21":{"type":"branch","line":57,"loc":{"start":{"line":57,"column":24},"end":{"line":57,"column":58}},"locations":[{"start":{"line":57,"column":24},"end":{"line":57,"column":58}}]},"22":{"type":"branch","line":65,"loc":{"start":{"line":65,"column":7},"end":{"line":75,"column":1}},"locations":[{"start":{"line":65,"column":7},"end":{"line":75,"column":1}}]},"23":{"type":"branch","line":67,"loc":{"start":{"line":67,"column":22},"end":{"line":71,"column":3}},"locations":[{"start":{"line":67,"column":22},"end":{"line":71,"column":3}}]},"24":{"type":"branch","line":68,"loc":{"start":{"line":68,"column":16},"end":{"line":68,"column":25}},"locations":[{"start":{"line":68,"column":16},"end":{"line":68,"column":25}}]},"25":{"type":"branch","line":73,"loc":{"start":{"line":73,"column":10},"end":{"line":73,"column":31}},"locations":[{"start":{"line":73,"column":10},"end":{"line":73,"column":31}}]},"26":{"type":"branch","line":74,"loc":{"start":{"line":74,"column":9},"end":{"line":74,"column":41}},"locations":[{"start":{"line":74,"column":9},"end":{"line":74,"column":41}}]}},"b":{"0":[12],"1":[10],"2":[2],"3":[1005],"4":[84],"5":[921],"6":[4],"7":[1],"8":[3],"9":[1],"10":[2],"11":[5],"12":[4],"13":[2],"14":[4],"15":[1],"16":[4],"17":[3],"18":[6],"19":[3],"20":[3],"21":[5],"22":[2],"23":[3],"24":[1],"25":[1],"26":[3]},"fnMap":{"0":{"name":"soThuTu","decl":{"start":{"line":6,"column":0},"end":{"line":9,"column":1}},"loc":{"start":{"line":6,"column":0},"end":{"line":9,"column":1}},"line":6},"1":{"name":"tinSoCotTrai","decl":{"start":{"line":12,"column":7},"end":{"line":15,"column":1}},"loc":{"start":{"line":12,"column":7},"end":{"line":15,"column":1}},"line":12},"2":{"name":"xayDungLuoiGhe","decl":{"start":{"line":17,"column":7},"end":{"line":63,"column":1}},"loc":{"start":{"line":17,"column":7},"end":{"line":63,"column":1}},"line":17},"3":{"name":"nhomTheoTang","decl":{"start":{"line":65,"column":7},"end":{"line":75,"column":1}},"loc":{"start":{"line":65,"column":7},"end":{"line":75,"column":1}},"line":65}},"f":{"0":12,"1":1005,"2":4,"3":2}}
,"D:\\Freelancer\\RedBus\\frontend\\src\\tienIch\\trangThai.ts": {"path":"D:\\Freelancer\\RedBus\\frontend\\src\\tienIch\\trangThai.ts","all":false,"statementMap":{"0":{"start":{"line":1,"column":0},"end":{"line":1,"column":38}},"1":{"start":{"line":2,"column":0},"end":{"line":2,"column":28}},"2":{"start":{"line":3,"column":0},"end":{"line":3,"column":24}},"3":{"start":{"line":4,"column":0},"end":{"line":4,"column":22}},"4":{"start":{"line":5,"column":0},"end":{"line":5,"column":32}},"5":{"start":{"line":6,"column":0},"end":{"line":6,"column":24}},"6":{"start":{"line":7,"column":0},"end":{"line":7,"column":21}},"7":{"start":{"line":8,"column":0},"end":{"line":8,"column":27}},"8":{"start":{"line":9,"column":0},"end":{"line":9,"column":1}},"10":{"start":{"line":11,"column":0},"end":{"line":11,"column":79}},"11":{"start":{"line":12,"column":0},"end":{"line":12,"column":41}},"12":{"start":{"line":13,"column":0},"end":{"line":13,"column":35}},"13":{"start":{"line":14,"column":0},"end":{"line":14,"column":22}},"14":{"start":{"line":15,"column":0},"end":{"line":15,"column":1}}},"s":{"0":1,"1":1,"2":1,"3":1,"4":1,"5":1,"6":1,"7":1,"8":1,"10":1,"11":1005,"12":1003,"13":1005,"14":1005},"branchMap":{"0":{"type":"branch","line":11,"loc":{"start":{"line":11,"column":7},"end":{"line":15,"column":1}},"locations":[{"start":{"line":11,"column":7},"end":{"line":15,"column":1}}]},"1":{"type":"branch","line":12,"loc":{"start":{"line":12,"column":12},"end":{"line":12,"column":31}},"locations":[{"start":{"line":12,"column":12},"end":{"line":12,"column":31}}]},"2":{"type":"branch","line":12,"loc":{"start":{"line":12,"column":31},"end":{"line":12,"column":41}},"locations":[{"start":{"line":12,"column":31},"end":{"line":12,"column":41}}]},"3":{"type":"branch","line":12,"loc":{"start":{"line":12,"column":38},"end":{"line":14,"column":20}},"locations":[{"start":{"line":12,"column":38},"end":{"line":14,"column":20}}]},"4":{"type":"branch","line":14,"loc":{"start":{"line":14,"column":15},"end":{"line":14,"column":22}},"locations":[{"start":{"line":14,"column":15},"end":{"line":14,"column":22}}]}},"b":{"0":[1005],"1":[1004],"2":[2],"3":[1003],"4":[994]},"fnMap":{"0":{"name":"trangThaiSangTiengViet","decl":{"start":{"line":11,"column":7},"end":{"line":15,"column":1}},"loc":{"start":{"line":11,"column":7},"end":{"line":15,"column":1}},"line":11}},"f":{"0":1005}}
}
